<?xml version="1.0" encoding="UTF-8"?>
<testsuite xmlns:xsi="http://www.w3.org/2001/XMLSchema-instance" xsi:noNamespaceSchemaLocation="https://maven.apache.org/surefire/maven-surefire-plugin/xsd/surefire-test-report-3.0.xsd" version="3.0" name="pt.ua.tqs.mealbooking.controller.RestaurantControllerTest" time="0.131" tests="1" errors="0" skipped="0" failures="0">
  <properties>
[...]
</properties>
  <testcase name="testGetAllRestaurants" classname="pt.ua.tqs.mealbooking.controller.RestaurantControllerTest" time="0.011">
    <system-out><![CDATA[2025-04-09T11:14:41.773+01:00  INFO 42536 --- [           main] t.c.s.AnnotationConfigContextLoaderUtils : Could not detect default configuration classes for test class [pt.ua.tqs.mealbooking.controller.RestaurantControllerTest]: RestaurantControllerTest does not declare any static, non-private, non-final, nested classes annotated with @Configuration.
2025-04-09T11:14:41.776+01:00  INFO 42536 --- [           main] .b.t.c.SpringBootTestContextBootstrapper : Found @SpringBootConfiguration pt.ua.tqs.mealbooking.MealBookingApplication for test class pt.ua.tqs.mealbooking.controller.RestaurantControllerTest

  .   ____          _            __ _ _
 /\\ / ___'_ __ _ _(_)_ __  __ _ \ \ \ \
( ( )\___ | '_ | '_| | '_ \/ _` | \ \ \ \
 \\/  ___)| |_)| | | | | || (_| |  ) ) ) )
  '  |____| .__|_| |_|_| |_\__, | / / / /
 =========|_|==============|___/=/_/_/_/
 :: Spring Boot ::                (v3.1.4)

2025-04-09T11:14:41.788+01:00  INFO 42536 --- [           main] p.u.t.m.c.RestaurantControllerTest       : Starting RestaurantControllerTest using Java 21.0.6 with PID 42536 (started by mesquita in /home/mesquita/TQS/TQS_112957/HW1-112957/mealbooking)
2025-04-09T11:14:41.788+01:00  INFO 42536 --- [           main] p.u.t.m.c.RestaurantControllerTest       : No active profile set, falling back to 1 default profile: "default"
2025-04-09T11:14:41.884+01:00  INFO 42536 --- [           main] o.s.b.t.m.w.SpringBootMockServletContext : Initializing Spring TestDispatcherServlet ''
2025-04-09T11:14:41.884+01:00  INFO 42536 --- [           main] o.s.t.web.servlet.TestDispatcherServlet  : Initializing Servlet ''
2025-04-09T11:14:41.884+01:00  INFO 42536 --- [           main] o.s.t.web.servlet.TestDispatcherServlet  : Completed initialization in 0 ms
2025-04-09T11:14:41.888+01:00  INFO 42536 --- [           main] p.u.t.m.c.RestaurantControllerTest       : Started RestaurantControllerTest in 0.11 seconds (process running for 8.252)
]]></system-out>
  </testcase>
</testsuite>